2024-04-05T18:41:17.651217-0300 INFO Chamando função 'pipeline_calcular_kpi_de_vendas_consolidado' com args ('data', ['csv', 'parquet']) e kwargs {} log.py
2024-04-05T18:41:17.651336-0300 INFO Chamando função 'extrair_dados_e_consolidar' com args ('data',) e kwargs {} log.py
2024-04-05T18:41:17.661365-0300 INFO Função 'extrair_dados_e_consolidar' retornou             Produto    Categoria  Quantidade  Venda        Data
0    Notebook Gamer  Eletrônicos           7   1500  2023-01-16
1     Mouse Sem Fio  Eletrônicos          10     30  2023-01-16
2  Teclado Mecânico  Eletrônicos           3    100  2023-01-16
3    Notebook Gamer  Eletrônicos           2   1500  2023-01-17
4     Mouse Sem Fio  Eletrônicos          14     30  2023-01-17
5  Teclado Mecânico  Eletrônicos           2    100  2023-01-17
6    Notebook Gamer  Eletrônicos           3   1500  2023-01-15
7     Mouse Sem Fio  Eletrônicos          10     30  2023-01-15
8  Teclado Mecânico  Eletrônicos           5    100  2023-01-15 log.py
2024-04-05T18:41:17.662823-0300 INFO Chamando função 'calcular_kpi_de_total_vendas' com args (            Produto    Categoria  Quantidade  Venda        Data
0    Notebook Gamer  Eletrônicos           7   1500  2023-01-16
1     Mouse Sem Fio  Eletrônicos          10     30  2023-01-16
2  Teclado Mecânico  Eletrônicos           3    100  2023-01-16
3    Notebook Gamer  Eletrônicos           2   1500  2023-01-17
4     Mouse Sem Fio  Eletrônicos          14     30  2023-01-17
5  Teclado Mecânico  Eletrônicos           2    100  2023-01-17
6    Notebook Gamer  Eletrônicos           3   1500  2023-01-15
7     Mouse Sem Fio  Eletrônicos          10     30  2023-01-15
8  Teclado Mecânico  Eletrônicos           5    100  2023-01-15,) e kwargs {} log.py
2024-04-05T18:41:17.664619-0300 INFO Função 'calcular_kpi_de_total_vendas' retornou             Produto    Categoria  Quantidade  Venda        Data  Total
0    Notebook Gamer  Eletrônicos           7   1500  2023-01-16  10500
1     Mouse Sem Fio  Eletrônicos          10     30  2023-01-16    300
2  Teclado Mecânico  Eletrônicos           3    100  2023-01-16    300
3    Notebook Gamer  Eletrônicos           2   1500  2023-01-17   3000
4     Mouse Sem Fio  Eletrônicos          14     30  2023-01-17    420
5  Teclado Mecânico  Eletrônicos           2    100  2023-01-17    200
6    Notebook Gamer  Eletrônicos           3   1500  2023-01-15   4500
7     Mouse Sem Fio  Eletrônicos          10     30  2023-01-15    300
8  Teclado Mecânico  Eletrônicos           5    100  2023-01-15    500 log.py
2024-04-05T18:41:17.665995-0300 INFO Chamando função 'carregar_dados' com args (            Produto    Categoria  Quantidade  Venda        Data  Total
0    Notebook Gamer  Eletrônicos           7   1500  2023-01-16  10500
1     Mouse Sem Fio  Eletrônicos          10     30  2023-01-16    300
2  Teclado Mecânico  Eletrônicos           3    100  2023-01-16    300
3    Notebook Gamer  Eletrônicos           2   1500  2023-01-17   3000
4     Mouse Sem Fio  Eletrônicos          14     30  2023-01-17    420
5  Teclado Mecânico  Eletrônicos           2    100  2023-01-17    200
6    Notebook Gamer  Eletrônicos           3   1500  2023-01-15   4500
7     Mouse Sem Fio  Eletrônicos          10     30  2023-01-15    300
8  Teclado Mecânico  Eletrônicos           5    100  2023-01-15    500, ['csv', 'parquet']) e kwargs {} log.py
2024-04-05T18:41:18.698535-0300 INFO Função 'carregar_dados' retornou None log.py
2024-04-05T18:41:18.698756-0300 INFO Função 'pipeline_calcular_kpi_de_vendas_consolidado' retornou None log.py
2024-04-05T18:42:26.659056-0300 INFO Chamando função 'pipeline_calcular_kpi_de_vendas_consolidado' com args ('data', ['csv', 'parquet']) e kwargs {} log.py
2024-04-05T18:42:26.659270-0300 INFO Chamando função 'extrair_dados_e_consolidar' com args ('data',) e kwargs {} log.py
2024-04-05T18:42:26.669226-0300 INFO Função 'extrair_dados_e_consolidar' retornou             Produto    Categoria  Quantidade  Venda        Data
0    Notebook Gamer  Eletrônicos           7   1500  2023-01-16
1     Mouse Sem Fio  Eletrônicos          10     30  2023-01-16
2  Teclado Mecânico  Eletrônicos           3    100  2023-01-16
3    Notebook Gamer  Eletrônicos           2   1500  2023-01-17
4     Mouse Sem Fio  Eletrônicos          14     30  2023-01-17
5  Teclado Mecânico  Eletrônicos           2    100  2023-01-17
6    Notebook Gamer  Eletrônicos           3   1500  2023-01-15
7     Mouse Sem Fio  Eletrônicos          10     30  2023-01-15
8  Teclado Mecânico  Eletrônicos           5    100  2023-01-15 log.py
2024-04-05T18:42:26.670481-0300 INFO Chamando função 'calcular_kpi_de_total_vendas' com args (            Produto    Categoria  Quantidade  Venda        Data
0    Notebook Gamer  Eletrônicos           7   1500  2023-01-16
1     Mouse Sem Fio  Eletrônicos          10     30  2023-01-16
2  Teclado Mecânico  Eletrônicos           3    100  2023-01-16
3    Notebook Gamer  Eletrônicos           2   1500  2023-01-17
4     Mouse Sem Fio  Eletrônicos          14     30  2023-01-17
5  Teclado Mecânico  Eletrônicos           2    100  2023-01-17
6    Notebook Gamer  Eletrônicos           3   1500  2023-01-15
7     Mouse Sem Fio  Eletrônicos          10     30  2023-01-15
8  Teclado Mecânico  Eletrônicos           5    100  2023-01-15,) e kwargs {} log.py
2024-04-05T18:42:26.672084-0300 INFO Função 'calcular_kpi_de_total_vendas' retornou             Produto    Categoria  Quantidade  Venda        Data  Total
0    Notebook Gamer  Eletrônicos           7   1500  2023-01-16  10500
1     Mouse Sem Fio  Eletrônicos          10     30  2023-01-16    300
2  Teclado Mecânico  Eletrônicos           3    100  2023-01-16    300
3    Notebook Gamer  Eletrônicos           2   1500  2023-01-17   3000
4     Mouse Sem Fio  Eletrônicos          14     30  2023-01-17    420
5  Teclado Mecânico  Eletrônicos           2    100  2023-01-17    200
6    Notebook Gamer  Eletrônicos           3   1500  2023-01-15   4500
7     Mouse Sem Fio  Eletrônicos          10     30  2023-01-15    300
8  Teclado Mecânico  Eletrônicos           5    100  2023-01-15    500 log.py
2024-04-05T18:42:26.673385-0300 INFO Chamando função 'carregar_dados' com args (            Produto    Categoria  Quantidade  Venda        Data  Total
0    Notebook Gamer  Eletrônicos           7   1500  2023-01-16  10500
1     Mouse Sem Fio  Eletrônicos          10     30  2023-01-16    300
2  Teclado Mecânico  Eletrônicos           3    100  2023-01-16    300
3    Notebook Gamer  Eletrônicos           2   1500  2023-01-17   3000
4     Mouse Sem Fio  Eletrônicos          14     30  2023-01-17    420
5  Teclado Mecânico  Eletrônicos           2    100  2023-01-17    200
6    Notebook Gamer  Eletrônicos           3   1500  2023-01-15   4500
7     Mouse Sem Fio  Eletrônicos          10     30  2023-01-15    300
8  Teclado Mecânico  Eletrônicos           5    100  2023-01-15    500, ['csv', 'parquet']) e kwargs {} log.py
2024-04-05T18:42:26.702179-0300 INFO Função 'carregar_dados' retornou None log.py
2024-04-05T18:42:26.702247-0300 INFO Função 'pipeline_calcular_kpi_de_vendas_consolidado' retornou None log.py
